<?xml version="1.0" encoding="UTF-8"?>
<!-- Generated by org.testng.reporters.JUnitXMLReporter -->
<testsuite ignored="0" hostname="Aishwarya" failures="2" tests="36" name="Test" time="47.062" errors="0" timestamp="2024-05-05T11:15:59 IST">
  <testcase classname="com.TestPack.MainPage" name="@BeforeClass beforeClass" time="0.822">
    <failure type="org.openqa.selenium.SessionNotCreatedException" message="session not created: This version of ChromeDriver only supports Chrome version 122
Current browser version is 124.0.6367.119 with binary path C:\Program Files\Google\Chrome\Application\chrome.exe
Build info: version: &amp;apos;3.14.0&amp;apos;, revision: &amp;apos;aacccce0&amp;apos;, time: &amp;apos;2018-08-02T20:19:58.91Z&amp;apos;
System info: host: &amp;apos;AISHWARYA&amp;apos;, ip: &amp;apos;192.168.29.245&amp;apos;, os.name: &amp;apos;Windows 10&amp;apos;, os.arch: &amp;apos;amd64&amp;apos;, os.version: &amp;apos;10.0&amp;apos;, java.version: &amp;apos;17.0.10&amp;apos;
Driver info: driver.version: ChromeDriver
remote stacktrace: 	GetHandleVerifier [0x00388D33+51395]
	(No symbol) [0x002F5F91]
	(No symbol) [0x001AE13A]
	(No symbol) [0x001DA021]
	(No symbol) [0x001D95DB]
	(No symbol) [0x001D54AE]
	(No symbol) [0x001D1E29]
	(No symbol) [0x0020C655]
	(No symbol) [0x0020C1FA]
	(No symbol) [0x00203C26]
	(No symbol) [0x001DC629]
	(No symbol) [0x001DD40D]
	GetHandleVerifier [0x007064F3+3711107]
	GetHandleVerifier [0x007458DA+3970154]
	GetHandleVerifier [0x00740BC8+3950424]
	GetHandleVerifier [0x00439D39+776393]
	(No symbol) [0x00301764]
	(No symbol) [0x002FC648]
	(No symbol) [0x002FC7F9]
	(No symbol) [0x002EDE20]
	BaseThreadInitThunk [0x7562FCC9+25]
	RtlGetAppContainerNamedObjectPath [0x77267C5E+286]
	RtlGetAppContainerNamedObjectPath [0x77267C2E+238]
	(No symbol) [0x00000000]
">
      <![CDATA[org.openqa.selenium.SessionNotCreatedException: session not created: This version of ChromeDriver only supports Chrome version 122
Current browser version is 124.0.6367.119 with binary path C:\Program Files\Google\Chrome\Application\chrome.exe
Build info: version: '3.14.0', revision: 'aacccce0', time: '2018-08-02T20:19:58.91Z'
System info: host: 'AISHWARYA', ip: '192.168.29.245', os.name: 'Windows 10', os.arch: 'amd64', os.version: '10.0', java.version: '17.0.10'
Driver info: driver.version: ChromeDriver
remote stacktrace: GetHandleVerifier [0x00388D33+51395]
(No symbol) [0x002F5F91]
(No symbol) [0x001AE13A]
(No symbol) [0x001DA021]
(No symbol) [0x001D95DB]
(No symbol) [0x001D54AE]
(No symbol) [0x001D1E29]
(No symbol) [0x0020C655]
(No symbol) [0x0020C1FA]
(No symbol) [0x00203C26]
(No symbol) [0x001DC629]
(No symbol) [0x001DD40D]
GetHandleVerifier [0x007064F3+3711107]
GetHandleVerifier [0x007458DA+3970154]
GetHandleVerifier [0x00740BC8+3950424]
GetHandleVerifier [0x00439D39+776393]
(No symbol) [0x00301764]
(No symbol) [0x002FC648]
(No symbol) [0x002FC7F9]
(No symbol) [0x002EDE20]
BaseThreadInitThunk [0x7562FCC9+25]
RtlGetAppContainerNamedObjectPath [0x77267C5E+286]
RtlGetAppContainerNamedObjectPath [0x77267C2E+238]
(No symbol) [0x00000000]

at org.openqa.selenium.remote.W3CHandshakeResponse.lambda$new$0(W3CHandshakeResponse.java:57)
at org.openqa.selenium.remote.W3CHandshakeResponse.lambda$getResponseFunction$2(W3CHandshakeResponse.java:104)
at org.openqa.selenium.remote.ProtocolHandshake.lambda$createSession$0(ProtocolHandshake.java:122)
at java.base/java.util.stream.ReferencePipeline$3$1.accept(ReferencePipeline.java:197)
at java.base/java.util.Spliterators$ArraySpliterator.tryAdvance(Spliterators.java:1002)
at java.base/java.util.stream.ReferencePipeline.forEachWithCancel(ReferencePipeline.java:129)
at java.base/java.util.stream.AbstractPipeline.copyIntoWithCancel(AbstractPipeline.java:527)
at java.base/java.util.stream.AbstractPipeline.copyInto(AbstractPipeline.java:513)
at java.base/java.util.stream.AbstractPipeline.wrapAndCopyInto(AbstractPipeline.java:499)
at java.base/java.util.stream.FindOps$FindOp.evaluateSequential(FindOps.java:150)
at java.base/java.util.stream.AbstractPipeline.evaluate(AbstractPipeline.java:234)
at java.base/java.util.stream.ReferencePipeline.findFirst(ReferencePipeline.java:647)
at org.openqa.selenium.remote.ProtocolHandshake.createSession(ProtocolHandshake.java:125)
at org.openqa.selenium.remote.ProtocolHandshake.createSession(ProtocolHandshake.java:73)
at org.openqa.selenium.remote.HttpCommandExecutor.execute(HttpCommandExecutor.java:136)
at org.openqa.selenium.remote.service.DriverCommandExecutor.execute(DriverCommandExecutor.java:83)
at org.openqa.selenium.remote.RemoteWebDriver.execute(RemoteWebDriver.java:548)
at org.openqa.selenium.remote.RemoteWebDriver.startSession(RemoteWebDriver.java:212)
at org.openqa.selenium.remote.RemoteWebDriver.<init>(RemoteWebDriver.java:130)
at org.openqa.selenium.chrome.ChromeDriver.<init>(ChromeDriver.java:181)
at org.openqa.selenium.chrome.ChromeDriver.<init>(ChromeDriver.java:168)
at org.openqa.selenium.chrome.ChromeDriver.<init>(ChromeDriver.java:123)
at com.TestPack.MainPage.beforeClass(MainPage.java:27)
at java.base/java.util.ArrayList.forEach(ArrayList.java:1511)
... Removed 30 stack frames]]>
    </failure>
  </testcase> <!-- @BeforeClass beforeClass -->
  <testcase classname="com.TestPack.MainPage" name="@AfterClass afterClass" time="-1.714887956646E9">
    <skipped/>
  </testcase> <!-- @AfterClass afterClass -->
  <testcase classname="com.TestPack.RegisterPage" name="@BeforeClass beforeClass" time="0.831">
    <failure type="org.openqa.selenium.SessionNotCreatedException" message="session not created: This version of ChromeDriver only supports Chrome version 122
Current browser version is 124.0.6367.119 with binary path C:\Program Files\Google\Chrome\Application\chrome.exe
Build info: version: &amp;apos;3.14.0&amp;apos;, revision: &amp;apos;aacccce0&amp;apos;, time: &amp;apos;2018-08-02T20:19:58.91Z&amp;apos;
System info: host: &amp;apos;AISHWARYA&amp;apos;, ip: &amp;apos;192.168.29.245&amp;apos;, os.name: &amp;apos;Windows 10&amp;apos;, os.arch: &amp;apos;amd64&amp;apos;, os.version: &amp;apos;10.0&amp;apos;, java.version: &amp;apos;17.0.10&amp;apos;
Driver info: driver.version: ChromeDriver
remote stacktrace: 	GetHandleVerifier [0x00388D33+51395]
	(No symbol) [0x002F5F91]
	(No symbol) [0x001AE13A]
	(No symbol) [0x001DA021]
	(No symbol) [0x001D95DB]
	(No symbol) [0x001D54AE]
	(No symbol) [0x001D1E29]
	(No symbol) [0x0020C655]
	(No symbol) [0x0020C1FA]
	(No symbol) [0x00203C26]
	(No symbol) [0x001DC629]
	(No symbol) [0x001DD40D]
	GetHandleVerifier [0x007064F3+3711107]
	GetHandleVerifier [0x007458DA+3970154]
	GetHandleVerifier [0x00740BC8+3950424]
	GetHandleVerifier [0x00439D39+776393]
	(No symbol) [0x00301764]
	(No symbol) [0x002FC648]
	(No symbol) [0x002FC7F9]
	(No symbol) [0x002EDE20]
	BaseThreadInitThunk [0x7562FCC9+25]
	RtlGetAppContainerNamedObjectPath [0x77267C5E+286]
	RtlGetAppContainerNamedObjectPath [0x77267C2E+238]
	(No symbol) [0x00000000]
">
      <![CDATA[org.openqa.selenium.SessionNotCreatedException: session not created: This version of ChromeDriver only supports Chrome version 122
Current browser version is 124.0.6367.119 with binary path C:\Program Files\Google\Chrome\Application\chrome.exe
Build info: version: '3.14.0', revision: 'aacccce0', time: '2018-08-02T20:19:58.91Z'
System info: host: 'AISHWARYA', ip: '192.168.29.245', os.name: 'Windows 10', os.arch: 'amd64', os.version: '10.0', java.version: '17.0.10'
Driver info: driver.version: ChromeDriver
remote stacktrace: GetHandleVerifier [0x00388D33+51395]
(No symbol) [0x002F5F91]
(No symbol) [0x001AE13A]
(No symbol) [0x001DA021]
(No symbol) [0x001D95DB]
(No symbol) [0x001D54AE]
(No symbol) [0x001D1E29]
(No symbol) [0x0020C655]
(No symbol) [0x0020C1FA]
(No symbol) [0x00203C26]
(No symbol) [0x001DC629]
(No symbol) [0x001DD40D]
GetHandleVerifier [0x007064F3+3711107]
GetHandleVerifier [0x007458DA+3970154]
GetHandleVerifier [0x00740BC8+3950424]
GetHandleVerifier [0x00439D39+776393]
(No symbol) [0x00301764]
(No symbol) [0x002FC648]
(No symbol) [0x002FC7F9]
(No symbol) [0x002EDE20]
BaseThreadInitThunk [0x7562FCC9+25]
RtlGetAppContainerNamedObjectPath [0x77267C5E+286]
RtlGetAppContainerNamedObjectPath [0x77267C2E+238]
(No symbol) [0x00000000]

at org.openqa.selenium.remote.W3CHandshakeResponse.lambda$new$0(W3CHandshakeResponse.java:57)
at org.openqa.selenium.remote.W3CHandshakeResponse.lambda$getResponseFunction$2(W3CHandshakeResponse.java:104)
at org.openqa.selenium.remote.ProtocolHandshake.lambda$createSession$0(ProtocolHandshake.java:122)
at java.base/java.util.stream.ReferencePipeline$3$1.accept(ReferencePipeline.java:197)
at java.base/java.util.Spliterators$ArraySpliterator.tryAdvance(Spliterators.java:1002)
at java.base/java.util.stream.ReferencePipeline.forEachWithCancel(ReferencePipeline.java:129)
at java.base/java.util.stream.AbstractPipeline.copyIntoWithCancel(AbstractPipeline.java:527)
at java.base/java.util.stream.AbstractPipeline.copyInto(AbstractPipeline.java:513)
at java.base/java.util.stream.AbstractPipeline.wrapAndCopyInto(AbstractPipeline.java:499)
at java.base/java.util.stream.FindOps$FindOp.evaluateSequential(FindOps.java:150)
at java.base/java.util.stream.AbstractPipeline.evaluate(AbstractPipeline.java:234)
at java.base/java.util.stream.ReferencePipeline.findFirst(ReferencePipeline.java:647)
at org.openqa.selenium.remote.ProtocolHandshake.createSession(ProtocolHandshake.java:125)
at org.openqa.selenium.remote.ProtocolHandshake.createSession(ProtocolHandshake.java:73)
at org.openqa.selenium.remote.HttpCommandExecutor.execute(HttpCommandExecutor.java:136)
at org.openqa.selenium.remote.service.DriverCommandExecutor.execute(DriverCommandExecutor.java:83)
at org.openqa.selenium.remote.RemoteWebDriver.execute(RemoteWebDriver.java:548)
at org.openqa.selenium.remote.RemoteWebDriver.startSession(RemoteWebDriver.java:212)
at org.openqa.selenium.remote.RemoteWebDriver.<init>(RemoteWebDriver.java:130)
at org.openqa.selenium.chrome.ChromeDriver.<init>(ChromeDriver.java:181)
at org.openqa.selenium.chrome.ChromeDriver.<init>(ChromeDriver.java:168)
at org.openqa.selenium.chrome.ChromeDriver.<init>(ChromeDriver.java:123)
at com.TestPack.RegisterPage.beforeClass(RegisterPage.java:27)
at java.base/java.util.ArrayList.forEach(ArrayList.java:1511)
... Removed 30 stack frames]]>
    </failure>
  </testcase> <!-- @BeforeClass beforeClass -->
  <testcase classname="com.TestPack.RegisterPage" name="@AfterClass afterClass" time="-1.714887957512E9">
    <skipped/>
  </testcase> <!-- @AfterClass afterClass -->
  <testcase classname="com.TestPack.TestClass" name="endToEnd" time="5.533">
    <failure type="org.openqa.selenium.ElementClickInterceptedException" message="element click intercepted: Element is not clickable at point (458, 608)
  (Session info: chrome=124.0.6367.119)
Build info: version: &amp;apos;3.14.0&amp;apos;, revision: &amp;apos;aacccce0&amp;apos;, time: &amp;apos;2018-08-02T20:19:58.91Z&amp;apos;
System info: host: &amp;apos;AISHWARYA&amp;apos;, ip: &amp;apos;192.168.29.245&amp;apos;, os.name: &amp;apos;Windows 10&amp;apos;, os.arch: &amp;apos;amd64&amp;apos;, os.version: &amp;apos;10.0&amp;apos;, java.version: &amp;apos;17.0.10&amp;apos;
Driver info: org.openqa.selenium.chrome.ChromeDriver
Capabilities {acceptInsecureCerts: false, browserName: chrome, browserVersion: 124.0.6367.119, chrome: {chromedriverVersion: 124.0.6367.78 (a087f2dd364d..., userDataDir: C:\Users\hp\AppData\Local\T...}, fedcm:accounts: true, goog:chromeOptions: {debuggerAddress: localhost:62542}, javascriptEnabled: true, networkConnectionEnabled: false, pageLoadStrategy: normal, platform: WINDOWS, platformName: WINDOWS, proxy: Proxy(), setWindowRect: true, strictFileInteractability: false, timeouts: {implicit: 0, pageLoad: 300000, script: 30000}, unhandledPromptBehavior: dismiss and notify, webauthn:extension:credBlob: true, webauthn:extension:largeBlob: true, webauthn:extension:minPinLength: true, webauthn:extension:prf: true, webauthn:virtualAuthenticators: true}
Session ID: 84a8102981d8d32df541bcb935e37e1d">
      <![CDATA[org.openqa.selenium.ElementClickInterceptedException: element click intercepted: Element is not clickable at point (458, 608)
  (Session info: chrome=124.0.6367.119)
Build info: version: '3.14.0', revision: 'aacccce0', time: '2018-08-02T20:19:58.91Z'
System info: host: 'AISHWARYA', ip: '192.168.29.245', os.name: 'Windows 10', os.arch: 'amd64', os.version: '10.0', java.version: '17.0.10'
Driver info: org.openqa.selenium.chrome.ChromeDriver
Capabilities {acceptInsecureCerts: false, browserName: chrome, browserVersion: 124.0.6367.119, chrome: {chromedriverVersion: 124.0.6367.78 (a087f2dd364d..., userDataDir: C:\Users\hp\AppData\Local\T...}, fedcm:accounts: true, goog:chromeOptions: {debuggerAddress: localhost:62542}, javascriptEnabled: true, networkConnectionEnabled: false, pageLoadStrategy: normal, platform: WINDOWS, platformName: WINDOWS, proxy: Proxy(), setWindowRect: true, strictFileInteractability: false, timeouts: {implicit: 0, pageLoad: 300000, script: 30000}, unhandledPromptBehavior: dismiss and notify, webauthn:extension:credBlob: true, webauthn:extension:largeBlob: true, webauthn:extension:minPinLength: true, webauthn:extension:prf: true, webauthn:virtualAuthenticators: true}
Session ID: 84a8102981d8d32df541bcb935e37e1d
at org.openqa.selenium.remote.http.W3CHttpResponseCodec.createException(W3CHttpResponseCodec.java:187)
at org.openqa.selenium.remote.http.W3CHttpResponseCodec.decode(W3CHttpResponseCodec.java:122)
at org.openqa.selenium.remote.http.W3CHttpResponseCodec.decode(W3CHttpResponseCodec.java:49)
at org.openqa.selenium.remote.HttpCommandExecutor.execute(HttpCommandExecutor.java:158)
at org.openqa.selenium.remote.service.DriverCommandExecutor.execute(DriverCommandExecutor.java:83)
at org.openqa.selenium.remote.RemoteWebDriver.execute(RemoteWebDriver.java:548)
at org.openqa.selenium.remote.RemoteWebElement.execute(RemoteWebElement.java:276)
at org.openqa.selenium.remote.RemoteWebElement.click(RemoteWebElement.java:83)
at org.openqa.selenium.support.pagefactory.internal.LocatingElementHandler.invoke(LocatingElementHandler.java:51)
at jdk.proxy2/jdk.proxy2.$Proxy28.click(Unknown Source)
at com.POMPack.POM_CheckoutPage.clickOnPlaceOrder(POM_CheckoutPage.java:66)
at com.TestPack.TestClass.endToEnd(TestClass.java:154)
at java.base/java.util.ArrayList.forEach(ArrayList.java:1511)
... Removed 36 stack frames]]>
    </failure>
  </testcase> <!-- endToEnd -->
  <testcase classname="com.TestPack.TestClass" name="testCase1" time="0.077"/>
  <testcase classname="com.TestPack.TestClass" name="testCase3" time="0.471"/>
  <testcase classname="com.TestPack.TestClass" name="testCase4" time="22.538">
    <failure type="org.openqa.selenium.ElementClickInterceptedException" message="element click intercepted: Element is not clickable at point (458, 618)
  (Session info: chrome=124.0.6367.119)
Build info: version: &amp;apos;3.14.0&amp;apos;, revision: &amp;apos;aacccce0&amp;apos;, time: &amp;apos;2018-08-02T20:19:58.91Z&amp;apos;
System info: host: &amp;apos;AISHWARYA&amp;apos;, ip: &amp;apos;192.168.29.245&amp;apos;, os.name: &amp;apos;Windows 10&amp;apos;, os.arch: &amp;apos;amd64&amp;apos;, os.version: &amp;apos;10.0&amp;apos;, java.version: &amp;apos;17.0.10&amp;apos;
Driver info: org.openqa.selenium.chrome.ChromeDriver
Capabilities {acceptInsecureCerts: false, browserName: chrome, browserVersion: 124.0.6367.119, chrome: {chromedriverVersion: 124.0.6367.78 (a087f2dd364d..., userDataDir: C:\Users\hp\AppData\Local\T...}, fedcm:accounts: true, goog:chromeOptions: {debuggerAddress: localhost:62542}, javascriptEnabled: true, networkConnectionEnabled: false, pageLoadStrategy: normal, platform: WINDOWS, platformName: WINDOWS, proxy: Proxy(), setWindowRect: true, strictFileInteractability: false, timeouts: {implicit: 0, pageLoad: 300000, script: 30000}, unhandledPromptBehavior: dismiss and notify, webauthn:extension:credBlob: true, webauthn:extension:largeBlob: true, webauthn:extension:minPinLength: true, webauthn:extension:prf: true, webauthn:virtualAuthenticators: true}
Session ID: 84a8102981d8d32df541bcb935e37e1d">
      <![CDATA[org.openqa.selenium.ElementClickInterceptedException: element click intercepted: Element is not clickable at point (458, 618)
  (Session info: chrome=124.0.6367.119)
Build info: version: '3.14.0', revision: 'aacccce0', time: '2018-08-02T20:19:58.91Z'
System info: host: 'AISHWARYA', ip: '192.168.29.245', os.name: 'Windows 10', os.arch: 'amd64', os.version: '10.0', java.version: '17.0.10'
Driver info: org.openqa.selenium.chrome.ChromeDriver
Capabilities {acceptInsecureCerts: false, browserName: chrome, browserVersion: 124.0.6367.119, chrome: {chromedriverVersion: 124.0.6367.78 (a087f2dd364d..., userDataDir: C:\Users\hp\AppData\Local\T...}, fedcm:accounts: true, goog:chromeOptions: {debuggerAddress: localhost:62542}, javascriptEnabled: true, networkConnectionEnabled: false, pageLoadStrategy: normal, platform: WINDOWS, platformName: WINDOWS, proxy: Proxy(), setWindowRect: true, strictFileInteractability: false, timeouts: {implicit: 0, pageLoad: 300000, script: 30000}, unhandledPromptBehavior: dismiss and notify, webauthn:extension:credBlob: true, webauthn:extension:largeBlob: true, webauthn:extension:minPinLength: true, webauthn:extension:prf: true, webauthn:virtualAuthenticators: true}
Session ID: 84a8102981d8d32df541bcb935e37e1d
at org.openqa.selenium.remote.http.W3CHttpResponseCodec.createException(W3CHttpResponseCodec.java:187)
at org.openqa.selenium.remote.http.W3CHttpResponseCodec.decode(W3CHttpResponseCodec.java:122)
at org.openqa.selenium.remote.http.W3CHttpResponseCodec.decode(W3CHttpResponseCodec.java:49)
at org.openqa.selenium.remote.HttpCommandExecutor.execute(HttpCommandExecutor.java:158)
at org.openqa.selenium.remote.service.DriverCommandExecutor.execute(DriverCommandExecutor.java:83)
at org.openqa.selenium.remote.RemoteWebDriver.execute(RemoteWebDriver.java:548)
at org.openqa.selenium.remote.RemoteWebElement.execute(RemoteWebElement.java:276)
at org.openqa.selenium.remote.RemoteWebElement.click(RemoteWebElement.java:83)
at org.openqa.selenium.support.pagefactory.internal.LocatingElementHandler.invoke(LocatingElementHandler.java:51)
at jdk.proxy2/jdk.proxy2.$Proxy28.click(Unknown Source)
at com.POMPack.POM_CheckoutPage.clickOnPlaceOrder(POM_CheckoutPage.java:66)
at com.TestPack.TestClass.testCase4(TestClass.java:132)
at java.base/java.util.ArrayList.forEach(ArrayList.java:1511)
... Removed 35 stack frames]]>
    </failure>
  </testcase> <!-- testCase4 -->
  <testcase classname="com.TestPack.TestClass" name="testCase5" time="0.135"/>
  <testcase classname="com.TestPack.MainPage" name="TC_001" time="0.0">
    <skipped/>
  </testcase> <!-- TC_001 -->
  <testcase classname="com.TestPack.MainPage" name="TC_005" time="0.0">
    <skipped/>
  </testcase> <!-- TC_005 -->
  <testcase classname="com.TestPack.MainPage" name="TC_008" time="0.0">
    <skipped/>
  </testcase> <!-- TC_008 -->
  <testcase classname="com.TestPack.MainPage" name="TC_011" time="0.0">
    <skipped/>
  </testcase> <!-- TC_011 -->
  <testcase classname="com.TestPack.MainPage" name="TC_014" time="0.0">
    <skipped/>
  </testcase> <!-- TC_014 -->
  <testcase classname="com.TestPack.MainPage" name="TC_017" time="0.0">
    <skipped/>
  </testcase> <!-- TC_017 -->
  <testcase classname="com.TestPack.MainPage" name="TC_020" time="0.0">
    <skipped/>
  </testcase> <!-- TC_020 -->
  <testcase classname="com.TestPack.MainPage" name="TC_021" time="0.0">
    <skipped/>
  </testcase> <!-- TC_021 -->
  <testcase classname="com.TestPack.MainPage" name="TC_022" time="0.0">
    <skipped/>
  </testcase> <!-- TC_022 -->
  <testcase classname="com.TestPack.MainPage" name="tst" time="0.0">
    <skipped/>
  </testcase> <!-- tst -->
  <testcase classname="com.TestPack.RegisterPage" name="TC_001" time="0.0">
    <skipped/>
  </testcase> <!-- TC_001 -->
  <testcase classname="com.TestPack.RegisterPage" name="TC_002" time="0.0">
    <skipped/>
  </testcase> <!-- TC_002 -->
  <testcase classname="com.TestPack.RegisterPage" name="TC_003" time="0.0">
    <skipped/>
  </testcase> <!-- TC_003 -->
  <testcase classname="com.TestPack.RegisterPage" name="TC_006" time="0.0">
    <skipped/>
  </testcase> <!-- TC_006 -->
  <testcase classname="com.TestPack.RegisterPage" name="TC_010" time="0.0">
    <skipped/>
  </testcase> <!-- TC_010 -->
  <testcase classname="com.TestPack.RegisterPage" name="TC_014" time="0.0">
    <skipped/>
  </testcase> <!-- TC_014 -->
  <testcase classname="com.TestPack.RegisterPage" name="TC_018" time="0.0">
    <skipped/>
  </testcase> <!-- TC_018 -->
  <testcase classname="com.TestPack.RegisterPage" name="TC_022" time="0.0">
    <skipped/>
  </testcase> <!-- TC_022 -->
  <testcase classname="com.TestPack.RegisterPage" name="TC_026" time="0.0">
    <skipped/>
  </testcase> <!-- TC_026 -->
  <testcase classname="com.TestPack.RegisterPage" name="TC_028" time="0.0">
    <skipped/>
  </testcase> <!-- TC_028 -->
  <testcase classname="com.TestPack.RegisterPage" name="TC_030" time="0.0">
    <skipped/>
  </testcase> <!-- TC_030 -->
  <testcase classname="com.TestPack.RegisterPage" name="TC_042" time="0.0">
    <skipped/>
  </testcase> <!-- TC_042 -->
  <testcase classname="com.TestPack.LoginPage" name="TC_001" time="0.054"/>
  <testcase classname="com.TestPack.LoginPage" name="TC_002" time="0.034"/>
  <testcase classname="com.TestPack.LoginPage" name="TC_003" time="0.03"/>
  <testcase classname="com.TestPack.LoginPage" name="TC_006" time="0.033"/>
  <testcase classname="com.TestPack.LoginPage" name="TC_007" time="0.029"/>
  <testcase classname="com.TestPack.LoginPage" name="TC_010" time="0.031"/>
  <testcase classname="com.TestPack.LoginPage" name="TC_011" time="0.022"/>
  <testcase classname="com.TestPack.LoginPage" name="TC_014" time="0.037"/>
  <testcase classname="com.TestPack.LoginPage" name="TC_015" time="0.027"/>
</testsuite> <!-- Test -->
